"../../../Engine/Content/EditorBlueprintResources/StandardMacros.uasset" 0
"../../../../New version/BreakingIN/Content/TSS_Game/Blueprints/GameInstanceSettings/BP_SettingsSave.uasset" 1
"../../../Engine/Content/Animation/DefaultAnimBoneCompressionSettings.uasset" 2
"../../../../New version/BreakingIN/Content/TSS_Game/Character/AnimStarterPack/UE4_Mannequin/Mesh/UE4_Mannequin_Skeleton.uasset" 3
"../../../../New version/BreakingIN/Content/TSS_Game/Character/AnimStarterPack/ActionRPG/Anim_Sword_Idle.uasset" 4
"../../../../New version/BreakingIN/Content/TSS_Game/Character/AnimStarterPack/Crouch_Idle_Rifle_Hip.uasset" 5
"../../../../New version/BreakingIN/Content/TSS_Game/Character/AnimStarterPack/Idle_Pistol.uasset" 6
"../../../../New version/BreakingIN/Content/TSS_Game/Character/AnimStarterPack/Idle_Rifle_Hip.uasset" 7
"../../../../New version/BreakingIN/Content/TSS_Game/Character/AnimStarterPack/Jump_From_Jog.uasset" 8
"../../../../New version/BreakingIN/Content/TSS_Game/Character/AnimStarterPack/Jump_From_Stand.uasset" 9
"../../../../New version/BreakingIN/Content/TSS_Game/Character/AnimStarterPack/Crouch_Walk_Bwd_Rifle_Hip.uasset" 10
"../../../../New version/BreakingIN/Content/TSS_Game/Character/AnimStarterPack/Crouch_Walk_Fwd_Rifle_Hip.uasset" 11
"../../../../New version/BreakingIN/Content/TSS_Game/Character/AnimStarterPack/Crouch_Walk_Lt_Rifle_Hip.uasset" 12
"../../../../New version/BreakingIN/Content/TSS_Game/Character/AnimStarterPack/Crouch_Walk_Rt_Rifle_Hip.uasset" 13
"../../../../New version/BreakingIN/Content/TSS_Game/Character/AnimStarterPack/BS_CrouchWalk.uasset" 14
"../../../../New version/BreakingIN/Content/TSS_Game/Character/AnimStarterPack/Jog_Bwd_Rifle.uasset" 15
"../../../../New version/BreakingIN/Content/TSS_Game/Character/AnimStarterPack/Jog_Diagonal_Left.uasset" 16
"../../../../New version/BreakingIN/Content/TSS_Game/Character/AnimStarterPack/Jog_Diagonal_Right.uasset" 17
"../../../../New version/BreakingIN/Content/TSS_Game/Character/AnimStarterPack/Jog_Fwd_Rifle.uasset" 18
"../../../../New version/BreakingIN/Content/TSS_Game/Character/AnimStarterPack/Jog_Lt_Rifle.uasset" 19
"../../../../New version/BreakingIN/Content/TSS_Game/Character/AnimStarterPack/Jog_Rt_Rifle.uasset" 20
"../../../../New version/BreakingIN/Content/TSS_Game/Character/AnimStarterPack/BS_Jog.uasset" 21
"../../../../New version/BreakingIN/Content/TSS_Game/Character/AnimStarterPack/TPS/ThirdPersonIdle.uasset" 22
"../../../../New version/BreakingIN/Content/TSS_Game/Character/AnimStarterPack/TPS/ThirdPersonRun.uasset" 23
"../../../../New version/BreakingIN/Content/TSS_Game/Character/AnimStarterPack/TPS/ThirdPersonWalk.uasset" 24
"../../../../New version/BreakingIN/Content/TSS_Game/Character/AnimStarterPack/TPS/Blendspace_Idle_Walk_Unarmed.uasset" 25
"../../../../New version/BreakingIN/Content/TSS_Game/Character/AnimStarterPack/Equip_Rifle_Standing.uasset" 26
"../../../../New version/BreakingIN/Content/TSS_Game/Character/AnimStarterPack/Equip_Rifle_Standing_Montage.uasset" 27
"../../../../New version/BreakingIN/Content/TSS_Game/Character/AnimStarterPack/Reload_Rifle_Hip.uasset" 28
"../../../../New version/BreakingIN/Content/TSS_Game/Character/AnimStarterPack/Reload_Rifle_Hip_Montage.uasset" 29
"../../../../New version/BreakingIN/Content/TSS_Game/Blueprints/Objective_System/System/TargetIcon.uasset" 30
"../../../../New version/BreakingIN/Content/TSS_Game/Blueprints/Objective_System/System/BP_HUD_Radar.uasset" 31
"../../../../New version/BreakingIN/Content/TSS_Game/Blueprints/Objective_System/System/S_ObjectiveData.uasset" 32
"../../../../New version/BreakingIN/Content/TSS_Game/Blueprints/Objective_System/System/BP_ObjectiveSave.uasset" 33
"../../../../New version/BreakingIN/Content/TSS_Game/Blueprints/System/BP_CharacterBase_Singleplayer.uasset" 34
"../../../../New version/BreakingIN/Content/TSS_Game/Blueprints/System/BPI_Interactive.uasset" 35
"../../../../New version/BreakingIN/Content/TSS_Game/Blueprints/Objective_System/System/W_Objectives.uasset" 36
"../../../../New version/BreakingIN/Content/TSS_Game/Blueprints/Objective_System/System/BP_GameModeObjectives.uasset" 37
"../../../../New version/BreakingIN/Content/TSS_Game/UI/W_ScoreEntry.uasset" 38
"../../../../New version/BreakingIN/Content/TSS_Game/UI/W_ScoreOnHUD.uasset" 39
"../../../../New version/BreakingIN/Content/TSS_Game/Blueprints/System/BP_PlayerState.uasset" 40
"../../../../New version/BreakingIN/Content/BreakingIN/UI/W_countdown.uasset" 41
"../../../../New version/BreakingIN/Content/TSS_Game/Blueprints/System/BP_GameStateBase.uasset" 42
"../../../../New version/BreakingIN/Content/BreakingIN/UI/W_Info.uasset" 43
"../../../../New version/BreakingIN/Content/BreakingIN/WidgetBP/Image/Gobelin.uasset" 44
"../../../../New version/BreakingIN/Content/BreakingIN/WidgetBP/Image/Plan-de-travail-13_GRAND.uasset" 45
"../../../../New version/BreakingIN/Content/BreakingIN/WidgetBP/Image/GobelinGrotte.uasset" 46
"../../../../New version/BreakingIN/Content/TSS_Game/UI/Resources/T_Map1.uasset" 47
"../../../../New version/BreakingIN/Content/TSS_Game/UI/Resources/T_Map2.uasset" 48
"../../../../New version/BreakingIN/Content/TSS_Game/UI/Resources/T_Map3.uasset" 49
"../../../../New version/BreakingIN/Content/TSS_Game/Materials/M_BaseColor.uasset" 50
"../../../../New version/BreakingIN/Content/TSS_Game/Materials/MI_Blue.uasset" 51
"../../../../New version/BreakingIN/Content/TSS_Game/Blueprints/System/BP_Character_Blue.uasset" 52
"../../../../New version/BreakingIN/Content/TSS_Game/Materials/MI_Green.uasset" 53
"../../../../New version/BreakingIN/Content/TSS_Game/Blueprints/System/BP_Character_Green.uasset" 54
"../../../../New version/BreakingIN/Content/TSS_Game/Materials/MI_Red.uasset" 55
"../../../../New version/BreakingIN/Content/TSS_Game/Blueprints/System/BP_Character_Red.uasset" 56
"../../../../New version/BreakingIN/Content/TSS_Game/UI/W_Character.uasset" 57
"../../../../New version/BreakingIN/Content/TSS_Game/UI/W_Loading.uasset" 58
"../../../../New version/BreakingIN/Content/TSS_Game/UI/W_MultiplayerServerList.uasset" 59
"../../../../New version/BreakingIN/Content/TSS_Game/UI/W_MultiplayerMenu.uasset" 60
"../../../../New version/BreakingIN/Content/TSS_Game/UI/W_SaveLoadCampaign.uasset" 61
"../../../../New version/BreakingIN/Content/TSS_Game/UI/W_SingleplayerMenu.uasset" 62
"../../../../New version/BreakingIN/Content/TSS_Game/UI/W_MainMenu.uasset" 63
"../../../../New version/BreakingIN/Content/TSS_Game/Blueprints/GameInstanceSettings/W_Settings.uasset" 64
"../../../../New version/BreakingIN/Content/TSS_Game/UI/W_PlayerList.uasset" 65
"../../../../New version/BreakingIN/Content/TSS_Game/UI/W_Disconnect.uasset" 66
"../../../../New version/BreakingIN/Content/TSS_Game/UI/W_OtherPlayersInfo.uasset" 67
"../../../../New version/BreakingIN/Content/TSS_Game/UI/W_PlayerHUD.uasset" 68
"../../../../New version/BreakingIN/Content/TSS_Game/Blueprints/System/BP_PlayerController.uasset" 69
"../../../Engine/Content/BasicShapes/BasicShapeMaterial.uasset" 70
"../../../Engine/Content/Functions/Engine_MaterialFunctions01/Opacity/CameraDepthFade.uasset" 71
"../../../Engine/Content/EngineMaterials/T_Default_Material_Grid_M.uasset" 72
"../../../Engine/Content/EngineMaterials/T_Default_Material_Grid_N.uasset" 73
"../../../Engine/Content/EngineMaterials/DefaultMaterial.uasset" 74
"../../../Engine/Content/BasicShapes/Sphere.uasset" 75
"../../../../New version/BreakingIN/Content/TSS_Game/Particles/Weapons/Textures/LensFlare/Flare_02.uasset" 76
"../../../../New version/BreakingIN/Content/TSS_Game/Particles/Weapons/Materials/LensFlare/M_LensFlare_02.uasset" 77
"../../../../New version/BreakingIN/Content/TSS_Game/Particles/Weapons/Materials/Ramp/M_radial_ramp_soft.uasset" 78
"../../../../New version/BreakingIN/Content/TSS_Game/Particles/Weapons/Textures/Smoke/T_Clouds_01.uasset" 79
"../../../../New version/BreakingIN/Content/TSS_Game/Particles/Weapons/Textures/Smoke/T_SmokeBall_01_8_8.uasset" 80
"../../../../New version/BreakingIN/Content/TSS_Game/Particles/Weapons/Materials/Smoke/M_ImpactSmoke.uasset" 81
"../../../../New version/BreakingIN/Content/TSS_Game/Particles/Weapons/Textures/Water/T_Steam_02_Packed.uasset" 82
"../../../../New version/BreakingIN/Content/TSS_Game/Particles/Weapons/Materials/Smoke/M_MuzzleSmokeDetail_GPU.uasset" 83
"../../../../New version/BreakingIN/Content/TSS_Game/Particles/Weapons/Textures/Spark/T_SparkCore_2X2.uasset" 84
"../../../../New version/BreakingIN/Content/TSS_Game/Particles/Weapons/Materials/spark/M_spark_subUV.uasset" 85
"../../../../New version/BreakingIN/Content/TSS_Game/Particles/P_ImpactHit.uasset" 86
"../../../../New version/BreakingIN/Content/TSS_Game/Blueprints/Weapons/Base/BP_ProjectileBase.uasset" 87
"../../../../New version/BreakingIN/Content/TSS_Game/Blueprints/Weapons/Base/E_WeaponAnimCategory.uasset" 88
"../../../Engine/Content/Functions/Engine_MaterialFunctions02/Utility/BlendAngleCorrectedNormals.uasset" 89
"../../../Engine/Content/Functions/MaterialLayerFunctions/MatLayerBlend_NormalBlend.uasset" 90
"../../../Engine/Content/Functions/MaterialLayerFunctions/MatLayerBlend_Simple.uasset" 91
"../../../../New version/BreakingIN/Content/TSS_Game/Character/Weapons/FPWeapon/Materials/MaterialLayers/T_ML_Rubber_Blue_01_D.uasset" 92
"../../../../New version/BreakingIN/Content/TSS_Game/Character/Weapons/FPWeapon/Materials/MaterialLayers/T_ML_Rubber_Blue_01_N.uasset" 93
"../../../../New version/BreakingIN/Content/TSS_Game/Character/Weapons/FPWeapon/Materials/MaterialLayers/ML_GlossyBlack_Latex_UE4.uasset" 94
"../../../../New version/BreakingIN/Content/TSS_Game/Character/Weapons/FPWeapon/Materials/MaterialLayers/ML_Plastic_Shiny_Beige.uasset" 95
"../../../../New version/BreakingIN/Content/TSS_Game/Character/Weapons/FPWeapon/Materials/MaterialLayers/ML_Screen.uasset" 96
"../../../../New version/BreakingIN/Content/TSS_Game/Character/Weapons/FPWeapon/Materials/MaterialLayers/T_ML_Aluminum01.uasset" 97
"../../../../New version/BreakingIN/Content/TSS_Game/Character/Weapons/FPWeapon/Materials/MaterialLayers/T_ML_Aluminum01_N.uasset" 98
"../../../../New version/BreakingIN/Content/TSS_Game/Character/Weapons/FPWeapon/Materials/MaterialLayers/ML_SoftMetal_UE4.uasset" 99
"../../../../New version/BreakingIN/Content/TSS_Game/Character/Weapons/FPWeapon/Textures/T_FPGun_M.uasset" 100
"../../../../New version/BreakingIN/Content/TSS_Game/Character/Weapons/FPWeapon/Textures/T_FPGun_N.uasset" 101
"../../../../New version/BreakingIN/Content/TSS_Game/Character/Weapons/FPWeapon/Materials/M_FPGun.uasset" 102
"../../../../New version/BreakingIN/Content/TSS_Game/Character/Weapons/FPWeapon/Mesh/SK_FPGun_Skeleton.uasset" 103
"../../../../New version/BreakingIN/Content/TSS_Game/Character/Weapons/FPWeapon/Mesh/SK_FPGun.uasset" 104
"../../../Engine/Content/Functions/Engine_MaterialFunctions01/Gradient/RadialGradient.uasset" 105
"../../../../New version/BreakingIN/Content/TSS_Game/Particles/Weapons/Materials/Ramp/M_SoftGradient_Muzzle.uasset" 106
"../../../Engine/Content/Functions/Engine_MaterialFunctions01/Gradient/LinearGradient.uasset" 107
"../../../../New version/BreakingIN/Content/TSS_Game/Particles/Weapons/Textures/Mask/T_SquareMaskTightEdge.uasset" 108
"../../../../New version/BreakingIN/Content/TSS_Game/Particles/Weapons/Textures/Noise/T_TileNoise.uasset" 109
"../../../../New version/BreakingIN/Content/TSS_Game/Particles/Weapons/Materials/Weapon/M_MuzzleGlow.uasset" 110
"../../../../New version/BreakingIN/Content/TSS_Game/Particles/Weapons/Meshes/Weapon/SM_MuzzleCone.uasset" 111
"../../../../New version/BreakingIN/Content/TSS_Game/Particles/P_MuzzleFlash.uasset" 112
"../../../../New version/BreakingIN/Content/TSS_Game/Blueprints/GameInstanceSettings/SC_Ambient.uasset" 113
"../../../../New version/BreakingIN/Content/TSS_Game/Blueprints/GameInstanceSettings/SC_Music.uasset" 114
"../../../../New version/BreakingIN/Content/TSS_Game/Blueprints/GameInstanceSettings/SC_Voice.uasset" 115
"../../../../New version/BreakingIN/Content/TSS_Game/Blueprints/GameInstanceSettings/SC_Master.uasset" 116
"../../../../New version/BreakingIN/Content/TSS_Game/Blueprints/GameInstanceSettings/SC_SFX.uasset" 117
"../../../../New version/BreakingIN/Content/TSS_Game/SFX/Weapon/AssaultRifle_Shot01.uasset" 118
"../../../../New version/BreakingIN/Content/TSS_Game/SFX/Weapon/AssaultRifle_Shot01_Cue.uasset" 119
"../../../../New version/BreakingIN/Content/TSS_Game/Blueprints/Weapons/Base/BP_WeaponBase.uasset" 120
"../../../../New version/BreakingIN/Content/TSS_Game/Character/TwinStickSHooter_AnimBP.uasset" 121
"../../../../New version/BreakingIN/Content/TSS_Game/Character/AnimStarterPack/Death_2.uasset" 122
"../../../../New version/BreakingIN/Content/TSS_Game/Character/AnimStarterPack/Death_2_Montage.uasset" 123
"../../../../New version/BreakingIN/Content/TSS_Game/Character/AnimStarterPack/Fire_Rifle_Ironsights.uasset" 124
"../../../../New version/BreakingIN/Content/TSS_Game/Character/AnimStarterPack/Fire_Rifle_Ironsights_Montage.uasset" 125
"../../../Engine/Content/EditorBlueprintResources/ActorMacros.uasset" 126
"../../../../New version/BreakingIN/Content/BreakingIN/Camera/Camera.uasset" 127
"../../../../New version/BreakingIN/Content/TSS_Game/Particles/StarterContent/Textures/T_Fire_SubUV.uasset" 128
"../../../../New version/BreakingIN/Content/TSS_Game/Particles/StarterContent/Textures/T_Fire_Tiled_D.uasset" 129
"../../../../New version/BreakingIN/Content/TSS_Game/Particles/StarterContent/Materials/M_Fire_SubUV.uasset" 130
"../../../../New version/BreakingIN/Content/TSS_Game/Particles/StarterContent/Textures/T_Water_N.uasset" 131
"../../../../New version/BreakingIN/Content/TSS_Game/Particles/StarterContent/Materials/M_Heat_Distortion.uasset" 132
"../../../../New version/BreakingIN/Content/TSS_Game/Particles/StarterContent/Materials/M_Radial_Gradient.uasset" 133
"../../../../New version/BreakingIN/Content/TSS_Game/Particles/StarterContent/Textures/T_Smoke_SubUV.uasset" 134
"../../../../New version/BreakingIN/Content/TSS_Game/Particles/StarterContent/Textures/T_Smoke_Tiled_D.uasset" 135
"../../../../New version/BreakingIN/Content/TSS_Game/Particles/StarterContent/Materials/M_smoke_subUV.uasset" 136
"../../../../New version/BreakingIN/Content/TSS_Game/Particles/P_Fire.uasset" 137
"../../../../New version/BreakingIN/Content/TSS_Game/Blueprints/Bonus/BP_FireHazard.uasset" 138
"../../../Engine/Content/EngineMaterials/WorldGridMaterial.uasset" 139
"../../../Engine/Content/BasicShapes/Cube.uasset" 140
"../../../../New version/BreakingIN/Content/TSS_Game/Blueprints/Pickup/BP_Coin.uasset" 141
"../../../../New version/BreakingIN/Content/TSS_Game/Character/Weapons/Melee/SK_Axe_M_Axe_Metal_BaseColor.uasset" 142
"../../../../New version/BreakingIN/Content/TSS_Game/Character/Weapons/Melee/SK_Axe_M_Axe_Metal_Normal.uasset" 143
"../../../../New version/BreakingIN/Content/TSS_Game/Character/Weapons/Melee/SK_Axe_M_Axe_Metal_OcclusionRoughnessMetallic.uasset" 144
"../../../../New version/BreakingIN/Content/TSS_Game/Character/Weapons/Melee/M_Axe_Metal.uasset" 145
"../../../../New version/BreakingIN/Content/TSS_Game/Blueprints/Pickup/BP_Steak.uasset" 146
"../../../../New version/BreakingIN/Content/TSS_Game/Blueprints/System/E_Controls.uasset" 147
"../../../Engine/Content/Functions/MaterialLayerFunctions/MatLayerBlend_AO.uasset" 148
"../../../../New version/BreakingIN/Content/TSS_Game/Character/AnimStarterPack/UE4_Mannequin/Materials/MaterialLayers/T_ML_Rubber_Blue_01_D.uasset" 149
"../../../../New version/BreakingIN/Content/TSS_Game/Character/AnimStarterPack/UE4_Mannequin/Materials/MaterialLayers/T_ML_Rubber_Blue_01_N.uasset" 150
"../../../../New version/BreakingIN/Content/TSS_Game/Character/AnimStarterPack/UE4_Mannequin/Materials/MaterialLayers/ML_GlossyBlack_Latex_UE4.uasset" 151
"../../../../New version/BreakingIN/Content/TSS_Game/Character/AnimStarterPack/UE4_Mannequin/Materials/MaterialLayers/ML_Plastic_Shiny_Beige.uasset" 152
"../../../../New version/BreakingIN/Content/TSS_Game/Character/AnimStarterPack/UE4_Mannequin/Textures/UE4_LOGO_CARD.uasset" 153
"../../../../New version/BreakingIN/Content/TSS_Game/Character/AnimStarterPack/UE4_Mannequin/Materials/MaterialLayers/ML_Plastic_Shiny_Beige_LOGO.uasset" 154
"../../../../New version/BreakingIN/Content/TSS_Game/Character/AnimStarterPack/UE4_Mannequin/Materials/MaterialLayers/T_ML_Aluminum01.uasset" 155
"../../../../New version/BreakingIN/Content/TSS_Game/Character/AnimStarterPack/UE4_Mannequin/Materials/MaterialLayers/T_ML_Aluminum01_N.uasset" 156
"../../../../New version/BreakingIN/Content/TSS_Game/Character/AnimStarterPack/UE4_Mannequin/Materials/MaterialLayers/ML_SoftMetal_UE4.uasset" 157
"../../../../New version/BreakingIN/Content/TSS_Game/Character/AnimStarterPack/UE4_Mannequin/Textures/UE4_Mannequin__normals.uasset" 158
"../../../../New version/BreakingIN/Content/TSS_Game/Character/AnimStarterPack/UE4_Mannequin/Textures/UE4_Mannequin_MAT_MASKA.uasset" 159
"../../../../New version/BreakingIN/Content/TSS_Game/Character/AnimStarterPack/UE4_Mannequin/Textures/UE4_Mannequin_occlusion_Mobile.uasset" 160
"../../../../New version/BreakingIN/Content/TSS_Game/Character/AnimStarterPack/UE4_Mannequin/Materials/M_UE4Man_Body.uasset" 161
"../../../../New version/BreakingIN/Content/TSS_Game/Character/AnimStarterPack/UE4_Mannequin/Textures/UE4Man_Logo_N.uasset" 162
"../../../../New version/BreakingIN/Content/TSS_Game/Character/AnimStarterPack/UE4_Mannequin/Materials/M_UE4Man_ChestLogo.uasset" 163
"../../../../New version/BreakingIN/Content/TSS_Game/Character/AnimStarterPack/UE4_Mannequin/Mesh/SK_Mannequin_PhysicsAsset.uasset" 164
"../../../../New version/BreakingIN/Content/TSS_Game/Character/AnimStarterPack/UE4_Mannequin/Mesh/SK_Mannequin.uasset" 165
"../../../../New version/BreakingIN/Content/TSS_Game/SFX/Melee/Impact_Punch_Harder01.uasset" 166
"../../../../New version/BreakingIN/Content/TSS_Game/SFX/Melee/Impact_Punch_Harder02.uasset" 167
"../../../../New version/BreakingIN/Content/TSS_Game/SFX/Melee/Impact_Punch_Harder03.uasset" 168
"../../../../New version/BreakingIN/Content/TSS_Game/SFX/Melee/Impact_Punch_Harder04.uasset" 169
"../../../../New version/BreakingIN/Content/TSS_Game/SFX/Melee/Impact_Punch_Harder01_Cue.uasset" 170
"../../../../New version/BreakingIN/Content/TSS_Game/UI/W_PlayerName.uasset" 171
"../../../../New version/BreakingIN/Content/TSS_Game/Blueprints/System/BP_CharacterBase.uasset" 172
"../../../../New version/BreakingIN/Content/TSS_Game/Blueprints/GameInstanceSettings/NewSoundMix.uasset" 173
"../../../../New version/BreakingIN/Content/TSS_Game/Blueprints/GameInstanceSettings/BP_GameInstanceWithSettings.uasset" 174
"../../../../New version/BreakingIN/Content/TSS_Game/Blueprints/System/BP_GameModeBase.uasset" 175
"../../../../New version/BreakingIN/Content/BreakingIN/Camera/BP_Camera2.uasset" 176
"../../../../New version/BreakingIN/Content/PolygonFanMiniChr/Textures/T_PolygonMinis_01_A.uasset" 177
"../../../../New version/BreakingIN/Content/PolygonFanMiniChr/Materials/Mat_PolygonMiniFanChr_01_A.uasset" 178
"../../../../New version/BreakingIN/Content/PolygonFanMiniChr/Models/Characters/SK_FantasyMiniCharacter_PhysicsAsset.uasset" 179
"../../../Engine/Content/EngineMeshes/Humanoid.uasset" 180
"../../../../New version/BreakingIN/Content/PolygonFanMiniChr/Models/Characters/SK_FantasyMiniCharacter_Skeleton.uasset" 181
"../../../../New version/BreakingIN/Content/PolygonFanMiniChr/Models/Characters/SK_Adventure_Peasant_01.uasset" 182
"../../../../New version/BreakingIN/Content/PolygonFanMiniChr/Models/Characters/SK_Adventure_ShopKeeper_01.uasset" 183
"../../../../New version/BreakingIN/Content/PolygonFanMiniChr/Models/Characters/SK_Adventure_Viking_01.uasset" 184
"../../../../New version/BreakingIN/Content/PolygonFanMiniChr/Models/Characters/SK_Adventure_Warrior_01.uasset" 185
"../../../../New version/BreakingIN/Content/PolygonFanMiniChr/Models/Characters/SK_Dungeon_GoblinChief_01.uasset" 186
"../../../../New version/BreakingIN/Content/PolygonFanMiniChr/Models/Characters/SK_Dungeon_GoblinFemale_01.uasset" 187
"../../../../New version/BreakingIN/Content/PolygonFanMiniChr/Models/Characters/SK_Dungeon_GoblinMale_01.uasset" 188
"../../../../New version/BreakingIN/Content/PolygonFanMiniChr/Models/Characters/SK_Dungeon_GoblinShaman_01.uasset" 189
"../../../../New version/BreakingIN/Content/PolygonFanMiniChr/Models/Characters/SK_Dungeon_GoblinWarriorFemale_01.uasset" 190
"../../../../New version/BreakingIN/Content/PolygonFanMiniChr/Models/Characters/SK_Dungeon_GoblinWarriorMale_01.uasset" 191
"../../../../New version/BreakingIN/Content/PolygonFanMiniChr/Models/Characters/SK_Dungeon_KnightFemale_01.uasset" 192
"../../../../New version/BreakingIN/Content/PolygonFanMiniChr/Models/Characters/SK_Dungeon_RockGolem_01.uasset" 193
"../../../../New version/BreakingIN/Content/PolygonFanMiniChr/Models/Characters/SK_Dungeon_SkeletonKnight_01.uasset" 194
"../../../../New version/BreakingIN/Content/PolygonFanMiniChr/Models/Characters/SK_Dungeon_SkeletonSoldier_01.uasset" 195
"../../../../New version/BreakingIN/Content/PolygonFanMiniChr/Models/Characters/SK_Dungeon_SkeletonSoldier_02.uasset" 196
"../../../../New version/BreakingIN/Content/PolygonFanMiniChr/Models/Characters/SK_Fantasy_Bard_01.uasset" 197
"../../../../New version/BreakingIN/Content/PolygonFanMiniChr/Models/Characters/SK_Fantasy_Druid_01.uasset" 198
"../../../../New version/BreakingIN/Content/PolygonFanMiniChr/Models/Characters/SK_Fantasy_FemalePeasant_01.uasset" 199
"../../../../New version/BreakingIN/Content/PolygonFanMiniChr/Models/Characters/SK_Fantasy_Gypsy_01.uasset" 200
"../../../../New version/BreakingIN/Content/PolygonFanMiniChr/Models/Characters/SK_Fantasy_King_01.uasset" 201
"../../../../New version/BreakingIN/Content/PolygonFanMiniChr/Models/Characters/SK_Fantasy_MalePeasant_01.uasset" 202
"../../../../New version/BreakingIN/Content/PolygonFanMiniChr/Models/Characters/SK_Fantasy_PeasantWoman_01.uasset" 203
"../../../../New version/BreakingIN/Content/PolygonFanMiniChr/Models/Characters/SK_Fantasy_Queen_01.uasset" 204
"../../../../New version/BreakingIN/Content/PolygonFanMiniChr/Models/Characters/SK_Fantasy_RougeMale_01.uasset" 205
"../../../../New version/BreakingIN/Content/PolygonFanMiniChr/Models/Characters/SK_Fantasy_Sorcerer_01.uasset" 206
"../../../../New version/BreakingIN/Content/PolygonFanMiniChr/Models/Characters/SK_Fantasy_Witch_01.uasset" 207
"../../../../New version/BreakingIN/Content/PolygonFanMiniChr/Models/Characters/SK_Fantasy_Wizard_01.uasset" 208
"../../../../New version/BreakingIN/Content/PolygonFanMiniChr/Models/Characters/SK_Knights_Dark_01.uasset" 209
"../../../../New version/BreakingIN/Content/PolygonFanMiniChr/Models/Characters/SK_Knights_Light_01.uasset" 210
"../../../../New version/BreakingIN/Content/PolygonFanMiniChr/Models/Characters/SK_Knights_Soldier_01.uasset" 211
"../../../../New version/BreakingIN/Content/PolygonFanMiniChr/Models/Characters/SK_Pirates_Blackbeard_01.uasset" 212
"../../../../New version/BreakingIN/Content/PolygonFanMiniChr/Models/Characters/SK_Pirates_Captain_01.uasset" 213
"../../../../New version/BreakingIN/Content/PolygonFanMiniChr/Models/Characters/SK_Pirates_Deckhand_01.uasset" 214
"../../../../New version/BreakingIN/Content/PolygonFanMiniChr/Models/Characters/SK_Pirates_EnglishCaptain_01.uasset" 215
"../../../../New version/BreakingIN/Content/PolygonFanMiniChr/Models/Characters/SK_Pirates_EnglishSoldier_01.uasset" 216
"../../../../New version/BreakingIN/Content/PolygonFanMiniChr/Models/Characters/SK_Pirates_FemalePirate_01.uasset" 217
"../../../../New version/BreakingIN/Content/PolygonFanMiniChr/Models/Characters/SK_Pirates_Firstmate_01.uasset" 218
"../../../../New version/BreakingIN/Content/PolygonFanMiniChr/Models/Characters/SK_Pirates_Gentleman_01.uasset" 219
"../../../../New version/BreakingIN/Content/PolygonFanMiniChr/Models/Characters/SK_Pirates_GovDaughter_01.uasset" 220
"../../../../New version/BreakingIN/Content/PolygonFanMiniChr/Models/Characters/SK_Samurai_Geisha_01.uasset" 221
"../../../../New version/BreakingIN/Content/PolygonFanMiniChr/Models/Characters/SK_Samurai_Grunt_01.uasset" 222
"../../../../New version/BreakingIN/Content/PolygonFanMiniChr/Models/Characters/SK_Samurai_Ninja_01.uasset" 223
"../../../../New version/BreakingIN/Content/PolygonFanMiniChr/Models/Characters/SK_Samurai_SamuraiWarrior_01.uasset" 224
"../../../../New version/BreakingIN/Content/PolygonFanMiniChr/Models/Characters/SK_Samurai_Sensei_01.uasset" 225
"../../../../New version/BreakingIN/Content/PolygonFanMiniChr/Models/Characters/SK_Samurai_VillageMan_01.uasset" 226
"../../../../New version/BreakingIN/Content/PolygonFanMiniChr/Models/Characters/SK_Samurai_VillageWoman_01.uasset" 227
"../../../../New version/BreakingIN/Content/PolygonFanMiniChr/Models/Characters/SK_Vikings_Chief_01.uasset" 228
"../../../../New version/BreakingIN/Content/PolygonFanMiniChr/Models/Characters/SK_Vikings_ShieldMaiden_01.uasset" 229
"../../../../New version/BreakingIN/Content/PolygonFanMiniChr/Models/Characters/SK_Vikings_Warrior_01.uasset" 230
"../../../../New version/BreakingIN/Content/PolygonFanMiniChr/Models/Characters/SK_Vikings_Warrior_02.uasset" 231
"../../../../New version/BreakingIN/Content/PolygonFanMiniChr/Models/Characters/SK_Western_Badguy_01.uasset" 232
"../../../../New version/BreakingIN/Content/PolygonFanMiniChr/Models/Characters/SK_Western_Cowboy_01.uasset" 233
"../../../../New version/BreakingIN/Content/PolygonFanMiniChr/Models/Characters/SK_Western_Cowgirl_01.uasset" 234
"../../../../New version/BreakingIN/Content/PolygonFanMiniChr/Models/Characters/SK_Western_Gunman_01.uasset" 235
"../../../../New version/BreakingIN/Content/PolygonFanMiniChr/Models/Characters/SK_Western_Sheriff_01.uasset" 236
"../../../../New version/BreakingIN/Content/PolygonFanMiniChr/Models/Characters/SK_Western_TownMan_01.uasset" 237
"../../../../New version/BreakingIN/Content/PolygonFanMiniChr/Models/Characters/SK_Western_Woman_01.uasset" 238
"../../../../New version/BreakingIN/Content/PolygonFanMiniChr/Models/Characters/SK_Western_WorkingGirl_01.uasset" 239
"../../../../New version/BreakingIN/Content/PolygonSamurai/Textures/Tex_Samurai_Characters_Texture_White.uasset" 240
"../../../../New version/BreakingIN/Content/PolygonSamurai/Materials/Mat_PolygonSamurai_Character_White.uasset" 241
"../../../../New version/BreakingIN/Content/PolygonSamurai/Characters/SK_Character_Samurai_Geisha_01_PhysicsAsset.uasset" 242
"../../../../New version/BreakingIN/Content/PolygonSamurai/Characters/SK_Character_Samurai_Geisha_01.uasset" 243
"../../../../New version/BreakingIN/Content/PolygonSamurai/Characters/SK_Character_Samurai_Geisha_01_Skeleton.uasset" 244
"../../../../New version/BreakingIN/Content/PolygonSamurai/Characters/SK_Character_Samurai_Grunt_01_PhysicsAsset.uasset" 245
"../../../../New version/BreakingIN/Content/PolygonSamurai/Characters/SK_Character_Samurai_Grunt_01.uasset" 246
"../../../../New version/BreakingIN/Content/PolygonSamurai/Characters/SK_Character_Samurai_Sensei_01_PhysicsAsset.uasset" 247
"../../../../New version/BreakingIN/Content/PolygonSamurai/Characters/SK_Character_Samurai_Sensei_01.uasset" 248
"../../../../New version/BreakingIN/Content/PolygonSamurai/Characters/SK_Character_Samurai_VillageFemale_01_PhysicsAsset.uasset" 249
"../../../../New version/BreakingIN/Content/PolygonSamurai/Characters/SK_Character_Samurai_VillageFemale_01.uasset" 250
"../../../../New version/BreakingIN/Content/PolygonSamurai/Characters/SK_Character_Samurai_VillageMale_01_PhysicsAsset.uasset" 251
"../../../../New version/BreakingIN/Content/PolygonSamurai/Characters/SK_Character_Samurai_VillageMale_01.uasset" 252
"../../../../New version/BreakingIN/Content/PolygonSamurai/Characters/SK_Character_Samurai_VillageMale_02_PhysicsAsset.uasset" 253
"../../../../New version/BreakingIN/Content/PolygonSamurai/Characters/SK_Character_Samurai_VillageMale_02.uasset" 254
"../../../../New version/BreakingIN/Content/PolygonSamurai/Characters/SK_Character_Samurai_Warrior_01_PhysicsAsset.uasset" 255
"../../../../New version/BreakingIN/Content/PolygonSamurai/Characters/SK_Character_Samurai_Warrior_01.uasset" 256
"../../../../New version/BreakingIN/Content/TSS_Game/Character/AnimBP_Zombie.uasset" 257
"../../../../New version/BreakingIN/Content/TSS_Game/Character/AnimStarterPack/ThirdPersonClimbLoop.uasset" 258
"../../../../New version/BreakingIN/Content/TSS_Game/Character/AnimStarterPack/ThirdPersonClimbLoop_Montage.uasset" 259
"../../../../New version/BreakingIN/Content/TSS_Game/Particles/StarterContent/Textures/T_blood_various.uasset" 260
"../../../../New version/BreakingIN/Content/TSS_Game/Particles/StarterContent/Textures/T_blood_various_N.uasset" 261
"../../../../New version/BreakingIN/Content/TSS_Game/Particles/StarterContent/Materials/M_impact_splash_subUV.uasset" 262
"../../../../New version/BreakingIN/Content/TSS_Game/Particles/P_body_bullet_impact.uasset" 263
"../../../../New version/BreakingIN/Content/TSS_Game/Blueprints/Bonus/BP_SimplePrototypingEnemy.uasset" 264
"../../../../New version/BreakingIN/Content/TSS_Game/Blueprints/Bonus/BP_EnemySpawner.uasset" 265
"../../../../New version/BreakingIN/Content/TSS_Game/Blueprints/Pickup/BP_Cube.uasset" 266
"../../../../New version/BreakingIN/Content/TSS_Game/Materials/MI_Purple.uasset" 267
"../../../../New version/BreakingIN/Content/TSS_Game/Blueprints/Pickup/BP_Cube1.uasset" 268
"../../../../New version/BreakingIN/Content/TSS_Game/Character/AnimStarterPack/Aim_Space_Hip.uasset" 269
"../../../../New version/BreakingIN/Content/TSS_Game/Character/AnimStarterPack/Aim_Space_Ironsights.uasset" 270
"../../../../New version/BreakingIN/Content/TSS_Game/Character/AnimStarterPack/Crouch_Idle_Rifle_Ironsights.uasset" 271
"../../../../New version/BreakingIN/Content/TSS_Game/Character/AnimStarterPack/Crouch_to_Stand_Rifle_Hip.uasset" 272
"../../../../New version/BreakingIN/Content/TSS_Game/Character/AnimStarterPack/Crouch_to_Stand_Rifle_Ironsights.uasset" 273
"../../../../New version/BreakingIN/Content/TSS_Game/Character/AnimStarterPack/Crouch_Walk_Bwd_Rifle_Ironsights.uasset" 274
"../../../../New version/BreakingIN/Content/TSS_Game/Character/AnimStarterPack/Crouch_Walk_Fwd_Rifle_Ironsights.uasset" 275
"../../../../New version/BreakingIN/Content/TSS_Game/Character/AnimStarterPack/Crouch_Walk_Lt_Rifle_Ironsights.uasset" 276
"../../../../New version/BreakingIN/Content/TSS_Game/Character/AnimStarterPack/Crouch_Walk_Rt_Rifle_Ironsights.uasset" 277
"../../../../New version/BreakingIN/Content/TSS_Game/Character/AnimStarterPack/Death_3.uasset" 278
"../../../../New version/BreakingIN/Content/TSS_Game/Character/AnimStarterPack/Death_Ironsights_1.uasset" 279
"../../../../New version/BreakingIN/Content/TSS_Game/Character/AnimStarterPack/Death_Ironsights_2.uasset" 280
"../../../../New version/BreakingIN/Content/TSS_Game/Character/AnimStarterPack/Equip_Pistol_Standing.uasset" 281
"../../../../New version/BreakingIN/Content/TSS_Game/Character/AnimStarterPack/Fire_Rifle_Hip.uasset" 282
"../../../../New version/BreakingIN/Content/TSS_Game/Character/AnimStarterPack/Fire_Shotgun_Hip.uasset" 283
"../../../../New version/BreakingIN/Content/TSS_Game/Character/AnimStarterPack/Fire_Shotgun_Ironsights.uasset" 284
"../../../../New version/BreakingIN/Content/TSS_Game/Character/AnimStarterPack/Hit_React_1.uasset" 285
"../../../../New version/BreakingIN/Content/TSS_Game/Character/AnimStarterPack/Hit_React_2.uasset" 286
"../../../../New version/BreakingIN/Content/TSS_Game/Character/AnimStarterPack/Hit_React_3.uasset" 287
"../../../../New version/BreakingIN/Content/TSS_Game/Character/AnimStarterPack/Hit_React_3_Montage.uasset" 288
"../../../../New version/BreakingIN/Content/TSS_Game/Character/AnimStarterPack/Hit_React_4.uasset" 289
"../../../../New version/BreakingIN/Content/TSS_Game/Character/AnimStarterPack/Idle_Rifle_Hip_Break1.uasset" 290
"../../../../New version/BreakingIN/Content/TSS_Game/Character/AnimStarterPack/Idle_Rifle_Ironsights.uasset" 291
"../../../../New version/BreakingIN/Content/TSS_Game/Character/AnimStarterPack/Jump_From_Stand_Ironsights.uasset" 292
"../../../../New version/BreakingIN/Content/TSS_Game/Character/AnimStarterPack/Prone_Death_1.uasset" 293
"../../../../New version/BreakingIN/Content/TSS_Game/Character/AnimStarterPack/Prone_Death_2.uasset" 294
"../../../../New version/BreakingIN/Content/TSS_Game/Character/AnimStarterPack/Prone_Fire_1.uasset" 295
"../../../../New version/BreakingIN/Content/TSS_Game/Character/AnimStarterPack/Prone_Fire_2.uasset" 296
"../../../../New version/BreakingIN/Content/TSS_Game/Character/AnimStarterPack/Prone_Idle.uasset" 297
"../../../../New version/BreakingIN/Content/TSS_Game/Character/AnimStarterPack/Prone_Reload_Rifle.uasset" 298
"../../../../New version/BreakingIN/Content/TSS_Game/Character/AnimStarterPack/Prone_Reload_Shotgun.uasset" 299
"../../../../New version/BreakingIN/Content/TSS_Game/Character/AnimStarterPack/Prone_To_Stand.uasset" 300
"../../../../New version/BreakingIN/Content/TSS_Game/Character/AnimStarterPack/Reload_Rifle_Ironsights.uasset" 301
"../../../../New version/BreakingIN/Content/TSS_Game/Character/AnimStarterPack/Reload_Shotgun_Hip.uasset" 302
"../../../../New version/BreakingIN/Content/TSS_Game/Character/AnimStarterPack/Reload_Shotgun_Ironsights.uasset" 303
"../../../../New version/BreakingIN/Content/TSS_Game/Character/AnimStarterPack/Sprint_Fwd_Rifle.uasset" 304
"../../../../New version/BreakingIN/Content/TSS_Game/Character/AnimStarterPack/Stand_to_Crouch_Rifle_Hip.uasset" 305
"../../../../New version/BreakingIN/Content/TSS_Game/Character/AnimStarterPack/Stand_to_Crouch_Rifle_Ironsights.uasset" 306
"../../../../New version/BreakingIN/Content/TSS_Game/Character/AnimStarterPack/Stand_To_Prone.uasset" 307
"../../../../New version/BreakingIN/Content/TSS_Game/Character/AnimStarterPack/Walk_Bwd_Rifle_Ironsights.uasset" 308
"../../../../New version/BreakingIN/Content/TSS_Game/Character/AnimStarterPack/Walk_Fwd_Rifle_Ironsights.uasset" 309
"../../../../New version/BreakingIN/Content/TSS_Game/Character/AnimStarterPack/Walk_Lt_Rifle_Ironsights.uasset" 310
"../../../../New version/BreakingIN/Content/TSS_Game/Character/AnimStarterPack/Walk_Rt_Rifle_Ironsights.uasset" 311
"../../../../New version/BreakingIN/Content/TSS_Game/Character/AnimStarterPack/TPS/ThirdPersonJump_Loop.uasset" 312
"../../../../New version/BreakingIN/Content/TSS_Game/Materials/M_Transparent.uasset" 313
"../../../../New version/BreakingIN/Content/TSS_Game/Materials/M_Transparent_Inst.uasset" 314
"../../../../New version/BreakingIN/Content/TSS_Game/Particles/P_ImpactHit_SparksOnly.uasset" 315
"../../../../New version/BreakingIN/Content/TSS_Game/Particles/StarterContent/Textures/T_Dust_Particle_D.uasset" 316
"../../../../New version/BreakingIN/Content/TSS_Game/Particles/StarterContent/Materials/M_Dust_Particle.uasset" 317
"../../../Engine/Content/Engine_MI_Shaders/T_Cubemap_01.uasset" 318
"../../../../New version/BreakingIN/Content/TSS_Game/Particles/StarterContent/Textures/T_Caustics.uasset" 319
"../../../../New version/BreakingIN/Content/TSS_Game/Particles/StarterContent/Textures/T_raindrop.uasset" 320
"../../../../New version/BreakingIN/Content/TSS_Game/Particles/StarterContent/Textures/T_raindrop_normal.uasset" 321
"../../../../New version/BreakingIN/Content/TSS_Game/Particles/StarterContent/Textures/TilingNoise06_N.uasset" 322
"../../../../New version/BreakingIN/Content/TSS_Game/Particles/StarterContent/Materials/M_raindrop.uasset" 323
"../../../../New version/BreakingIN/Content/TSS_Game/Particles/StarterContent/Textures/T_raindrop_splash.uasset" 324
"../../../../New version/BreakingIN/Content/TSS_Game/Particles/StarterContent/Textures/T_raindrop_splash_NRM.uasset" 325
"../../../../New version/BreakingIN/Content/TSS_Game/Particles/StarterContent/Materials/M_raindrop_splash.uasset" 326
"../../../../New version/BreakingIN/Content/TSS_Game/Particles/StarterContent/Textures/T_Spark_Core.uasset" 327
"../../../../New version/BreakingIN/Content/TSS_Game/Particles/StarterContent/Materials/M_Spark.uasset" 328
"../../../../New version/BreakingIN/Content/TSS_Game/Particles/Weapons/Textures/Energy/T_EFX_Energy_Arc_SubUV.uasset" 329
"../../../../New version/BreakingIN/Content/TSS_Game/Particles/Weapons/Materials/Energy/M_Electrical.uasset" 330
"../../../../New version/BreakingIN/Content/TSS_Game/Particles/Weapons/Textures/Energy/T_EFX_Energy_Loop_Free.uasset" 331
"../../../../New version/BreakingIN/Content/TSS_Game/Particles/Weapons/Materials/Energy/M_WP_ShockRifle_Ring.uasset" 332
"../../../../New version/BreakingIN/Content/TSS_Game/Particles/Weapons/Textures/fire/T_explo_SubUV.uasset" 333
"../../../../New version/BreakingIN/Content/TSS_Game/Particles/Weapons/Materials/Explosion/M_explosion_subUV.uasset" 334
"../../../../New version/BreakingIN/Content/TSS_Game/Particles/Weapons/Textures/LensFlare/T_Lensflare_01.uasset" 335
"../../../../New version/BreakingIN/Content/TSS_Game/Particles/Weapons/Materials/LensFlare/M_Lensflare_01.uasset" 336
"../../../../New version/BreakingIN/Content/TSS_Game/Particles/Weapons/Materials/Smoke/M_SmokeBall.uasset" 337
"../../../../New version/BreakingIN/Content/TSS_Game/Particles/Weapons/Textures/Weapon/T_muzzle_flashes.uasset" 338
"../../../../New version/BreakingIN/Content/TSS_Game/Particles/Weapons/Materials/Weapon/M_muzzle_flash_subUV.uasset" 339
"../../../../New version/BreakingIN/Content/TSS_Game/Particles/Weapons/Textures/Ramp/T_FX_CameraDistort.uasset" 340
"../../../../New version/BreakingIN/Content/TSS_Game/Particles/Weapons/Textures/Ramp/T_FX_ColorDistort.uasset" 341
"../../../../New version/BreakingIN/Content/TSS_Game/Particles/Weapons/Textures/Weapon/T_Coil.uasset" 342
"../../../../New version/BreakingIN/Content/TSS_Game/Particles/Weapons/Materials/Weapon/M_WP_Linkgun_Connection.uasset" 343
"../../../../New version/BreakingIN/Content/TSS_Game/Particles/Weapons/Textures/Noise/T_FX_RoilingFlameModulate.uasset" 344
"../../../../New version/BreakingIN/Content/TSS_Game/Particles/Weapons/Materials/Weapon/M_WP_LinkGun_MF_3_new.uasset" 345
"../../../../New version/BreakingIN/Content/TSS_Game/Particles/Weapons/Textures/Energy/T_EFX_Beam_Electricity_02.uasset" 346
"../../../../New version/BreakingIN/Content/TSS_Game/Particles/Weapons/Materials/Weapon/M_WP_ShockRifle_Panning_Beam.uasset" 347
"../../../../New version/BreakingIN/Content/TSS_Game/Particles/Weapons/Textures/T_bullet_hole_2_normal.uasset" 348
"../../../../New version/BreakingIN/Content/TSS_Game/Particles/Weapons/Textures/Weapon/T_bullet_hole_2.uasset" 349
"../../../../New version/BreakingIN/Content/TSS_Game/UI/W_LocalCoopMenu.uasset" 350
"../../../Engine/Content/Animation/DefaultAnimCurveCompressionSettings.uasset" 351
"../../../Engine/Content/ArtTools/RenderToTexture/Meshes/S_1_Unit_Plane.uasset" 352
"../../../Engine/Content/BasicShapes/Cone.uasset" 353
"../../../Engine/Content/EditorLandscapeResources/DataLayer.uasset" 354
"../../../Engine/Content/EditorMaterials/MAT_Groups_Toggle.uasset" 355
"../../../Engine/Content/EditorMaterials/MAT_Groups_Visibility.uasset" 356
"../../../Engine/Content/EditorMaterials/PreviewShadowIndicator.uasset" 357
"../../../Engine/Content/EditorMaterials/PreviewShadowIndicatorMaterial.uasset" 358
"../../../Engine/Content/EditorMaterials/MatineeGroups/MAT_ColorTrack.uasset" 359
"../../../Engine/Content/EditorMaterials/MatineeGroups/MAT_Groups_Anim.uasset" 360
"../../../Engine/Content/EditorMaterials/MatineeGroups/MAT_Groups_AudioMaster.uasset" 361
"../../../Engine/Content/EditorMaterials/MatineeGroups/MAT_Groups_Director.uasset" 362
"../../../Engine/Content/EditorMaterials/MatineeGroups/MAT_Groups_Event.uasset" 363
"../../../Engine/Content/EditorMaterials/MatineeGroups/MAT_Groups_Fade.uasset" 364
"../../../Engine/Content/EditorMaterials/MatineeGroups/MAT_Groups_Float.uasset" 365
"../../../Engine/Content/EditorMaterials/MatineeGroups/MAT_Groups_Move.uasset" 366
"../../../Engine/Content/EditorMaterials/MatineeGroups/MAT_Groups_Slomo.uasset" 367
"../../../Engine/Content/EditorMaterials/MatineeGroups/MAT_Groups_Sound.uasset" 368
"../../../Engine/Content/EditorMaterials/MatineeGroups/MAT_Groups_Vector.uasset" 369
"../../../Engine/Content/EditorMaterials/ParticleSystems/PSysThumbnail_NoImage.uasset" 370
"../../../Engine/Content/EditorMaterials/ParticleSystems/PSysThumbnail_OOD.uasset" 371
"../../../Engine/Content/EditorMaterials/Camera/CineMat.uasset" 372
"../../../Engine/Content/EditorMaterials/Camera/MI_CineMat_Rig.uasset" 373
"../../../Engine/Content/EditorMeshes/Camera/SM_CraneRig_Arm.uasset" 374
"../../../Engine/Content/EditorMeshes/Camera/SM_CraneRig_Base.uasset" 375
"../../../Engine/Content/EditorMeshes/Camera/SM_CraneRig_Body.uasset" 376
"../../../Engine/Content/EditorMeshes/Camera/SM_CraneRig_Mount.uasset" 377
"../../../Engine/Content/EditorMeshes/Camera/SM_RailRig_Mount.uasset" 378
"../../../Engine/Content/EditorMeshes/Camera/SM_RailRig_Track.uasset" 379
"../../../Engine/Content/EditorResources/BSPVertex.uasset" 380
"../../../Engine/Content/EditorResources/EmptyActor.uasset" 381
"../../../Engine/Content/EditorResources/S_Actor.uasset" 382
"../../../Engine/Content/EditorResources/S_Note.uasset" 383
"../../../Engine/Content/EditorResources/S_Solver.uasset" 384
"../../../Engine/Content/EditorResources/S_Trigger.uasset" 385
"../../../Engine/Content/EditorResources/LightIcons/S_LightError.uasset" 386
"../../../Engine/Content/EditorResources/SequenceRecorder/Countdown.uasset" 387
"../../../Engine/Content/EditorResources/SequenceRecorder/RecordingIndicator.uasset" 388
"../../../Engine/Content/EditorSounds/Notifications/CompileFailed.uasset" 389
"../../../Engine/Content/EditorSounds/Notifications/CompileFailed_Cue.uasset" 390
"../../../Engine/Content/EditorSounds/Notifications/CompileSuccess.uasset" 391
"../../../Engine/Content/EditorSounds/Notifications/CompileStart_Cue.uasset" 392
"../../../Engine/Content/EditorSounds/Notifications/CompileSuccess_Cue.uasset" 393
"../../../Engine/Content/EngineDamageTypes/DmgTypeBP_Environmental.uasset" 394
"../../../Engine/Content/EngineDebugMaterials/DebugEditorMaterial.uasset" 395
"../../../Engine/Content/EngineDebugMaterials/DebugMeshMaterial.uasset" 396
"../../../Engine/Content/EngineDebugMaterials/M_SimpleUnlitTranslucent.uasset" 397
"../../../Engine/Content/Functions/Engine_MaterialFunctions02/Utility/CameraDirectionVector.uasset" 398
"../../../Engine/Content/EngineDebugMaterials/VolumeToRender.uasset" 399
"../../../Engine/Content/EngineDebugMaterials/M_VolumeRenderSphereTracePP.uasset" 400
"../../../Engine/Content/EngineDebugMaterials/WireframeMaterial.uasset" 401
"../../../Engine/Content/EngineFonts/Faces/DroidSansFallback.uasset" 402
"../../../Engine/Content/EngineFonts/Faces/RobotoBold.uasset" 403
"../../../Engine/Content/EngineFonts/Faces/RobotoBoldItalic.uasset" 404
"../../../Engine/Content/EngineFonts/Faces/RobotoItalic.uasset" 405
"../../../Engine/Content/EngineFonts/Faces/RobotoLight.uasset" 406
"../../../Engine/Content/EngineFonts/Faces/RobotoRegular.uasset" 407
"../../../Engine/Content/EngineFonts/Roboto.uasset" 408
"../../../Engine/Content/EngineMaterials/BaseFlattenDiffuseMap.uasset" 409
"../../../Engine/Content/EngineMaterials/BaseFlattenEmissiveMap.uasset" 410
"../../../Engine/Content/EngineMaterials/BaseFlattenGrayscaleMap.uasset" 411
"../../../Engine/Content/EngineMaterials/BaseFlattenNormalMap.uasset" 412
"../../../Engine/Content/EngineMaterials/BaseFlattenMaterial.uasset" 413
"../../../Engine/Content/EngineMaterials/BlueNoise.uasset" 414
"../../../Engine/Content/EngineMaterials/DefaultBloomKernel.uasset" 415
"../../../Engine/Content/EngineMaterials/DefaultBokeh.uasset" 416
"../../../Engine/Content/EngineMaterials/DefaultDiffuse.uasset" 417
"../../../Engine/Content/EngineMaterials/DefaultDeferredDecalMaterial.uasset" 418
"../../../Engine/Content/EngineMaterials/DefaultLightFunctionMaterial.uasset" 419
"../../../Engine/Content/Functions/Engine_MaterialFunctions02/Utility/BreakOutFloat2Components.uasset" 420
"../../../Engine/Content/EngineMaterials/DefaultPostProcessMaterial.uasset" 421
"../../../Engine/Content/EngineFonts/RobotoDistanceField.uasset" 422
"../../../Engine/Content/EngineMaterials/DefaultTextMaterialOpaque.uasset" 423
"../../../Engine/Content/EngineMaterials/DefaultWhiteGrid.uasset" 424
"../../../Engine/Content/EngineMaterials/DefaultWhiteGrid_Low.uasset" 425
"../../../Engine/Content/EngineMaterials/EmissiveMeshMaterial.uasset" 426
"../../../Engine/Content/EngineMaterials/GizmoMaterial.uasset" 427
"../../../Engine/Content/EngineMaterials/Good64x64TilingNoiseHighFreq.uasset" 428
"../../../Engine/Content/EngineMaterials/MiniFont.uasset" 429
"../../../Engine/Content/EngineMaterials/InvalidLightmapSettings.uasset" 430
"../../../Engine/Content/EngineMaterials/M_InvalidLightmapSettings.uasset" 431
"../../../Engine/Content/Functions/Engine_MaterialFunctions02/WorldPositionOffset/CameraOffset.uasset" 432
"../../../Engine/Content/EngineMaterials/PhAT_JointLimitMaterial.uasset" 433
"../../../Engine/Content/EngineMaterials/PreintegratedSkinBRDF.uasset" 434
"../../../Engine/Content/EngineMaterials/RemoveSurfaceMaterial.uasset" 435
"../../../Engine/Content/EngineMaterials/WeightMapPlaceholderTexture.uasset" 436
"../../../Engine/Content/EngineResources/WhiteSquareTexture.uasset" 437
"../../../Engine/Content/EngineMaterials/Widget3DPassThrough.uasset" 438
"../../../Engine/Content/EngineMaterials/Widget3DPassThrough_Masked.uasset" 439
"../../../Engine/Content/EngineMaterials/Widget3DPassThrough_Opaque.uasset" 440
"../../../Engine/Content/EngineMaterials/Widget3DPassThrough_Masked_OneSided.uasset" 441
"../../../Engine/Content/EngineMaterials/Widget3DPassThrough_Opaque_OneSided.uasset" 442
"../../../Engine/Content/EngineMaterials/Widget3DPassThrough_Translucent.uasset" 443
"../../../Engine/Content/EngineMaterials/Widget3DPassThrough_Translucent_OneSided.uasset" 444
"../../../Engine/Content/EngineMeshes/Cylinder.uasset" 445
"../../../Engine/Content/EngineMeshes/Sphere.uasset" 446
"../../../Engine/Content/EngineResources/Black.uasset" 447
"../../../Engine/Content/EngineResources/DefaultTexture.uasset" 448
"../../../Engine/Content/EngineResources/DefaultTextureCube.uasset" 449
"../../../Engine/Content/EngineResources/DefaultVolumeTexture2D.uasset" 450
"../../../Engine/Content/EngineResources/DefaultVolumeTexture.uasset" 451
"../../../Engine/Content/EngineResources/GradientTexture0.uasset" 452
"../../../Engine/Content/EngineSounds/Master.uasset" 453
"../../../Engine/Content/Functions/Engine_MaterialFunctions01/Shading/ConvertFromDiffSpec.uasset" 454
"../../../Engine/Content/Functions/Engine_MaterialFunctions01/Shading/PowerToRoughness.uasset" 455
"../../../Engine/Content/Maps/Templates/Thumbnails/Default.uasset" 456
"../../../Engine/Content/Maps/Templates/Thumbnails/TimeOfDay.uasset" 457
"../../../Engine/Content/Maps/Templates/Thumbnails/VR-Basic.uasset" 458
"../../../Engine/Content/MobileResources/T_MobileControls_texture.uasset" 459
"../../../Engine/Content/MobileResources/T_MobileMenu2.uasset" 460
"../../../Engine/Content/MobileResources/HUD/AnalogHat.uasset" 461
"../../../Engine/Content/MobileResources/HUD/VirtualJoystick_Background.uasset" 462
"../../../Engine/Content/MobileResources/HUD/VirtualJoystick_Thumb.uasset" 463
"../../../Engine/Content/MobileResources/HUD/DefaultVirtualJoysticks.uasset" 464
"../../../Engine/Content/MobileResources/HUD/LeftVirtualJoystickOnly.uasset" 465
"../../../Engine/Content/MobileResources/HUD/MobileHUDButton1_off.uasset" 466
"../../../Engine/Content/MobileResources/HUD/MobileHUDButton1_on.uasset" 467
"../../../Engine/Content/MobileResources/HUD/MobileHUDButton2_off.uasset" 468
"../../../Engine/Content/MobileResources/HUD/MobileHUDButton2_on.uasset" 469
"../../../Engine/Content/MobileResources/HUD/MobileHUDButton3.uasset" 470
"../../../Engine/Content/MobileResources/HUD/MobileHUDButtonFire.uasset" 471
"../../../Engine/Content/MobileResources/HUD/MobileHUDDirectionPad.uasset" 472
"../../../Engine/Content/MobileResources/HUD/MobileHUDDirectionPad2.uasset" 473
"../../../Engine/Content/MobileResources/HUD/MobileHUDDirectionPad3.uasset" 474
"../../../Engine/Content/MobileResources/HUD/MobileHUDDirectionStick.uasset" 475
"../../../Engine/Content/MobileResources/HUD/T_Castle_ThumbstickInner.uasset" 476
"../../../Engine/Content/MobileResources/HUD/T_Castle_ThumbstickOutter.uasset" 477
"../../../Engine/Content/Tutorial/ContentIntroCurve.uasset" 478
"../../../Engine/Content/Tutorial/Basics/LevelEditorAttract.uasset" 479
"../../../Engine/Content/Tutorial/Landscape/TutorialAssets/Landscape.uasset" 480
"../../../Engine/Content/Tutorial/Landscape/LandscapeWalkThrough.uasset" 481
"../../../Engine/Content/Tutorial/Landscape/Landscape_Manage_Mode.uasset" 482
"../../../Engine/Content/Tutorial/Landscape/Landscape_Painting_Mode.uasset" 483
"../../../Engine/Content/Tutorial/Landscape/Landscape_Sculpt_Mode.uasset" 484
"../../../Engine/Content/Tutorial/Mobile/TutorialAssets/IOS.uasset" 485
"../../../Engine/Content/Tutorial/Mobile/CreatingSigningCertAndProvisionTutorial.uasset" 486
"../../../Engine/Content/VREditor/LaserPointer/VR_LaserPower_01.uasset" 487
"../../../Engine/Content/VREditor/TransformGizmo/TransformGizmoMaterial.uasset" 488
"../../../Engine/Content/VREditor/TransformGizmo/TranslucentTransformGizmoMaterial.uasset" 489
"../../../Engine/Content/VREditor/TransformGizmo/BoundingBoxCorner.uasset" 490
"../../../Engine/Content/VREditor/TransformGizmo/BoundingBoxEdge.uasset" 491
"../../../Engine/Content/VREditor/TransformGizmo/PlaneTranslationHandle.uasset" 492
"../../../Engine/Content/VREditor/TransformGizmo/Main.uasset" 493
"../../../Engine/Content/VREditor/TransformGizmo/Xray.uasset" 494
"../../../Engine/Content/VREditor/TransformGizmo/SM_Sequencer_Key.uasset" 495
"../../../Engine/Content/VREditor/TransformGizmo/SM_Sequencer_Node.uasset" 496
"../../Plugins/2D/Paper2D/Content/PlaceholderTextures/DummySpriteTexture.uasset" 497
"../../Plugins/2D/Paper2D/Content/DummySprite.uasset" 498
"../../Plugins/2D/Paper2D/Content/DefaultPaperTerrainMaterial.uasset" 499
"../../Plugins/2D/Paper2D/Content/DefaultSpriteMaterial.uasset" 500
"../../Plugins/2D/Paper2D/Content/MaskedUnlitSpriteMaterial.uasset" 501
"../../Plugins/2D/Paper2D/Content/OpaqueUnlitSpriteMaterial.uasset" 502
"../../Plugins/FX/Niagara/Content/Enums/ENiagaraBooleanLogicOps.uasset" 503
"../../Plugins/FX/Niagara/Content/Enums/ENiagaraCoordinateSpace.uasset" 504
"../../Plugins/FX/Niagara/Content/Enums/ENiagaraExpansionMode.uasset" 505
"../../Plugins/FX/Niagara/Content/Enums/ENiagaraOrientationAxis.uasset" 506
"../../Plugins/FX/Niagara/Content/Enums/ENiagaraRandomnessMode.uasset" 507
"../../../Engine/Content/Functions/Engine_MaterialFunctions02/Utility/BreakOutFloat4Components.uasset" 508
"../../../Engine/Content/Functions/Engine_MaterialFunctions02/Utility/MakeFloat2.uasset" 509
"../../../Engine/Content/Functions/Engine_MaterialFunctions02/Utility/MakeFloat3.uasset" 510
"../../Plugins/Runtime/Oculus/OculusVR/Content/Materials/OculusMR_ChromaKey.uasset" 511
"../../Plugins/Runtime/Oculus/OculusVR/Content/Materials/OculusMR_ChromaKey_Lit.uasset" 512
"../../Plugins/Runtime/Oculus/OculusVR/Content/Materials/OculusMR_OpaqueColoredMaterial.uasset" 513
"../../Plugins/Runtime/Oculus/OculusVR/Content/Materials/OculusMR_WhiteMaterial.uasset" 514
"../../../Engine/Content/EngineSky/C_Sky_Cloud_Color.uasset" 515
"../../../Engine/Content/EngineSky/C_Sky_Horizon_Color.uasset" 516
"../../../Engine/Content/EngineSky/C_Sky_Zenith_Color.uasset" 517
"../../../Engine/Content/EngineSky/T_Sky_Blue.uasset" 518
"../../../Engine/Content/EngineSky/T_Sky_Clouds_M.uasset" 519
"../../../Engine/Content/EngineSky/T_Sky_Stars.uasset" 520
"../../../Engine/Content/EngineSky/M_Sky_Panning_Clouds2.uasset" 521
"../../../Engine/Content/EngineSky/SM_SkySphere.uasset" 522
"../../../Engine/Content/EngineSky/BP_Sky_Sphere.uasset" 523
"../../../../New version/BreakingIN/Content/BreakingIN/Maps/FirstMap_BuiltData.uasset" 524
"../../../../New version/BreakingIN/Content/TSS_Game/Materials/MI_Gray.uasset" 525
"../../../Engine/Content/EngineMaterials/DefaultPhysicalMaterial.uasset" 526
"../../../../New version/BreakingIN/Content/PolygonFanMiniChr/Models/Characters/SK_Dungeon_KnightMale_01.uasset" 527
"../../../../New version/BreakingIN/Content/PolygonFanMiniChr/Models/Characters/SK_Dungeon_Skeleton_01.uasset" 528
"../../../../New version/BreakingIN/Content/PolygonSamurai/Characters/SK_Character_Samurai_Ninja_01_PhysicsAsset.uasset" 529
"../../../../New version/BreakingIN/Content/PolygonSamurai/Characters/SK_Character_Samurai_Ninja_01.uasset" 530
"../../../../New version/BreakingIN/Content/BreakingIN/Maps/FirstMap.umap" 531
"../../../../New version/BreakingIN/Content/TSS_Game/Blueprints/System/BP_PlayerControllerMenu.uasset" 532
"../../../../New version/BreakingIN/Content/TSS_Game/Blueprints/System/BP_GameModeMenu.uasset" 533
"../../../../New version/BreakingIN/Content/TSS_Game/Maps/MainMenu_BuiltData.uasset" 534
"../../../../New version/BreakingIN/Content/TSS_Game/Maps/MainMenu.umap" 535
"../../../../New version/BreakingIN/Content/TSS_Game/Character/AnimStarterPack/Death_1.uasset" 536
"../../../../New version/BreakingIN/Content/TSS_Game/Blueprints/Objective_System/System/BPFL_Objectives.uasset" 537
"../../../../New version/BreakingIN/Content/TSS_Game/Blueprints/Objective_System/System/W_WayPoint.uasset" 538
"../../../../New version/BreakingIN/Content/TSS_Game/Blueprints/Objective_System/System/BP_WayPoint.uasset" 539
"../../../../New version/BreakingIN/Content/TSS_Game/Blueprints/Objective_System/BP_KillEnemyObjective.uasset" 540
"../../../../New version/BreakingIN/Content/TSS_Game/Character/AnimStarterPack/Idle_Rifle_Hip_Break2.uasset" 541
"../../../../New version/BreakingIN/Content/TSS_Game/Blueprints/Objective_System/NPC/W_Dialogue.uasset" 542
"../../../../New version/BreakingIN/Content/TSS_Game/Blueprints/Objective_System/NPC/BP_NPC.uasset" 543
"../../../../New version/BreakingIN/Content/TSS_Game/Blueprints/Objective_System/System/BPI_InteractionObjective.uasset" 544
"../../../Engine/Content/VREditor/BasicMeshes/T_CleanFloorGrunge_01_D.uasset" 545
"../../../Engine/Content/VREditor/BasicMeshes/M_Floor_01.uasset" 546
"../../../Engine/Content/VREditor/BasicMeshes/MI_Cube_02.uasset" 547
"../../../Engine/Content/VREditor/BasicMeshes/SM_Cube_02.uasset" 548
"../../../../New version/BreakingIN/Content/TSS_Game/Blueprints/Objective_System/BP_InteractiveActor.uasset" 549
"../../../../New version/BreakingIN/Content/TSS_Game/Blueprints/Objective_System/BP_OverlapObjective.uasset" 550
"../../../../New version/BreakingIN/Content/TSS_Game/SFX/Pickup/SFX_Coin.uasset" 551
"../../../../New version/BreakingIN/Content/TSS_Game/SFX/Pickup/SFX_Coin_Cue.uasset" 552
"../../../../New version/BreakingIN/Content/TSS_Game/Blueprints/Pickup/BP_AmmoBase.uasset" 553
"../../../../New version/BreakingIN/Content/TSS_Game/Blueprints/Pickup/BP_HealthBase.uasset" 554
"../../../../New version/BreakingIN/Content/TSS_Game/Particles/Explosion_Big/Textures/T_explo_SubUV.uasset" 555
"../../../../New version/BreakingIN/Content/TSS_Game/Particles/Explosion_Big/Materials/M_explosion_SubUV.uasset" 556
"../../../../New version/BreakingIN/Content/TSS_Game/Particles/P_Explosion_Big.uasset" 557
"../../../../New version/BreakingIN/Content/TSS_Game/Blueprints/Weapons/Base/BP_Explosion.uasset" 558
"../../../../New version/BreakingIN/Content/TSS_Game/Blueprints/Weapons/BPC_GrenadeProjectile.uasset" 559
"../../../../New version/BreakingIN/Content/TSS_Game/Blueprints/Weapons/BPC_WeaponGrenadeLauncher.uasset" 560
"../../../../New version/BreakingIN/Content/TSS_Game/Blueprints/Pickup/BPC_AmmoLauncher.uasset" 561
"../../../../New version/BreakingIN/Content/TSS_Game/Character/AnimStarterPack/Fire_Pistol.uasset" 562
"../../../../New version/BreakingIN/Content/TSS_Game/Character/AnimStarterPack/Fire_Pistol_Montage.uasset" 563
"../../../../New version/BreakingIN/Content/TSS_Game/Character/AnimStarterPack/Reload_Pistol.uasset" 564
"../../../../New version/BreakingIN/Content/TSS_Game/Character/AnimStarterPack/Reload_Pistol_Montage.uasset" 565
"../../../Engine/Content/Animation/DefaultRecorderBoneCompression.uasset" 566
"../../../../New version/BreakingIN/Content/TSS_Game/Character/Weapons/Pistol/SK_Pistol_Auto_Skeleton1.uasset" 567
"../../../../New version/BreakingIN/Content/TSS_Game/Character/Weapons/Pistol/SK_Pistol_Auto_Skeleton_Firing.uasset" 568
"../../../../New version/BreakingIN/Content/TSS_Game/Materials/M_Nothing.uasset" 569
"../../../../New version/BreakingIN/Content/TSS_Game/Character/Weapons/Pistol/SK_Pistol_Auto_Physics1.uasset" 570
"../../../../New version/BreakingIN/Content/TSS_Game/Character/Weapons/Pistol/SK_Pistol_Auto.uasset" 571
"../../../../New version/BreakingIN/Content/TSS_Game/Blueprints/Weapons/BPC_WeaponPistol.uasset" 572
"../../../../New version/BreakingIN/Content/TSS_Game/Blueprints/Pickup/BPC_AmmoPistol.uasset" 573
"../../../../New version/BreakingIN/Content/TSS_Game/Blueprints/Weapons/BPC_WeaponRifle.uasset" 574
"../../../../New version/BreakingIN/Content/TSS_Game/Blueprints/Pickup/BPC_AmmoRifle.uasset" 575
"../../../../New version/BreakingIN/Content/TSS_Game/Blueprints/Weapons/BPC_WeaponShotgun.uasset" 576
"../../../../New version/BreakingIN/Content/TSS_Game/Blueprints/Pickup/BPC_AmmoShotgun.uasset" 577
"../../../../New version/BreakingIN/Content/TSS_Game/Blueprints/Weapons/BPC_WeaponSniper.uasset" 578
"../../../../New version/BreakingIN/Content/TSS_Game/Blueprints/Pickup/BPC_AmmoSniper.uasset" 579
"../../../../New version/BreakingIN/Content/TSS_Game/Character/AnimStarterPack/ActionRPG/Anim_Axe_Combat_Swing.uasset" 580
"../../../../New version/BreakingIN/Content/TSS_Game/Character/AnimStarterPack/ActionRPG/Anim_Axe_Combat_Swing_Montage.uasset" 581
"../../../../New version/BreakingIN/Content/TSS_Game/Character/Weapons/Melee/SK_Axe_M_Axe_Wood_BaseColor.uasset" 582
"../../../../New version/BreakingIN/Content/TSS_Game/Character/Weapons/Melee/SK_Axe_M_Axe_Wood_Normal.uasset" 583
"../../../../New version/BreakingIN/Content/TSS_Game/Character/Weapons/Melee/SK_Axe_M_Axe_Wood_OcclusionRoughnessMetallic.uasset" 584
"../../../../New version/BreakingIN/Content/TSS_Game/Character/Weapons/Melee/M_Axe_Wood.uasset" 585
"../../../../New version/BreakingIN/Content/TSS_Game/Character/Weapons/Melee/SK_Axe_PhysicsAsset.uasset" 586
"../../../../New version/BreakingIN/Content/TSS_Game/Character/Weapons/Melee/SK_Axe_Skeleton.uasset" 587
"../../../../New version/BreakingIN/Content/TSS_Game/Character/Weapons/Melee/SK_Axe.uasset" 588
"../../../../New version/BreakingIN/Content/TSS_Game/Blueprints/Weapons/BPC_WeaponMelee.uasset" 589
"../../../../New version/BreakingIN/Content/TSS_Game/Maps/MapWithObjectives.umap" 590
"../../../../New version/BreakingIN/Content/TSS_Game/Maps/ServerTravelMap.umap" 591
"../../../../New version/BreakingIN/Content/TSS_Game/Character/TwinStickShooter_AnimBP_Enemy.uasset" 592
"../../../../New version/BreakingIN/Content/TSS_Game/Blueprints/Bonus/AI/Soldier/AI_Soldier_Blackboard.uasset" 593
"../../../../New version/BreakingIN/Content/TSS_Game/Blueprints/Bonus/AI/Soldier/BTService_SoldierAgro.uasset" 594
"../../../../New version/BreakingIN/Content/TSS_Game/Blueprints/Bonus/AI/Soldier/BTService_SoldierCalmsDown.uasset" 595
"../../../../New version/BreakingIN/Content/TSS_Game/Blueprints/Bonus/AI/Soldier/BTService_SoldierShootPlayer.uasset" 596
"../../../../New version/BreakingIN/Content/TSS_Game/Blueprints/Bonus/AI/Soldier/BTTask_ReturnTrue.uasset" 597
"../../../../New version/BreakingIN/Content/TSS_Game/Blueprints/Bonus/AI/Soldier/BTTask_SoldierMoveToPlayer.uasset" 598
"../../../../New version/BreakingIN/Content/TSS_Game/Blueprints/Bonus/AI/Soldier/BTTask_SoldierMoveToRandomLocation.uasset" 599
"../../../../New version/BreakingIN/Content/TSS_Game/Blueprints/Bonus/AI/Soldier/AI_Soldier_BehaviorTree.uasset" 600
"../../../../New version/BreakingIN/Content/TSS_Game/Blueprints/Bonus/AI/Soldier/AI_Con_Soldier.uasset" 601
"../../../../New version/BreakingIN/Content/TSS_Game/Blueprints/Bonus/AI/Soldier/BP_EnemySoldierProjectile.uasset" 602
"../../../../New version/BreakingIN/Content/TSS_Game/Blueprints/Bonus/AI/Soldier/BP_AI_CharSoldier.uasset" 603
"../../../../New version/BreakingIN/Content/TSS_Game/Blueprints/LevelDesign/BP_PushSomething.uasset" 604
"../../../../New version/BreakingIN/Content/TSS_Game/Blueprints/Bonus/SM_Barrel/T_Barrel_D.uasset" 605
"../../../../New version/BreakingIN/Content/TSS_Game/Blueprints/Bonus/SM_Barrel/M_Barrel.uasset" 606
"../../../Engine/Content/BasicShapes/Cylinder.uasset" 607
"../../../../New version/BreakingIN/Content/TSS_Game/Blueprints/Bonus/SM_Barrel/SM_Barrel.uasset" 608
"../../../../New version/BreakingIN/Content/TSS_Game/Blueprints/Bonus/BP_RedBarrel.uasset" 609
"../../../../New version/BreakingIN/Content/TSS_Game/Particles/StarterContent/Textures/T_Burst_M.uasset" 610
"../../../../New version/BreakingIN/Content/TSS_Game/Particles/StarterContent/Materials/M_Burst.uasset" 611
"../../../../New version/BreakingIN/Content/TSS_Game/Particles/StarterContent/Textures/T_Explosion_SubUV.uasset" 612
"../../../../New version/BreakingIN/Content/TSS_Game/Particles/StarterContent/Materials/M_explosion_subUV.uasset" 613
"../../../../New version/BreakingIN/Content/TSS_Game/Particles/StarterContent/Materials/m_flare_01.uasset" 614
"../../../../New version/BreakingIN/Content/TSS_Game/Particles/StarterContent/Materials/M_radial_ramp.uasset" 615
"../../../../New version/BreakingIN/Content/TSS_Game/Particles/P_Explosion.uasset" 616
"../../../../New version/BreakingIN/Content/TSS_Game/Blueprints/LevelDesign/BP_Checkpoint.uasset" 617
"../../../../New version/BreakingIN/Content/TSS_Game/Blueprints/LevelDesign/House/SM_House_SM_House.uasset" 618
"../../../../New version/BreakingIN/Content/TSS_Game/Blueprints/LevelDesign/House/SM_House_SM_Roof.uasset" 619
"../../../../New version/BreakingIN/Content/TSS_Game/Blueprints/LevelDesign/BP_House.uasset" 620
"../../../../New version/BreakingIN/Content/TSS_Game/Blueprints/LevelDesign/BP_House_V2.uasset" 621
"../../../Engine/Content/Functions/Engine_MaterialFunctions01/ImageAdjustment/CheapContrast.uasset" 622
"../../../Engine/Content/Functions/Engine_MaterialFunctions02/SafeNormalize.uasset" 623
"../../../Engine/Content/Functions/Engine_MaterialFunctions02/Math/CreateThirdOrthogonalVector.uasset" 624
"../../../Engine/Content/Functions/Engine_MaterialFunctions02/Utility/BreakOutFloat3Components.uasset" 625
"../../../Engine/Content/Functions/Engine_MaterialFunctions02/Math/Transform3x3Matrix.uasset" 626
"../../../Engine/Content/Functions/Engine_MaterialFunctions02/WorldAlignedNormals_HighQuality.uasset" 627
"../../../Engine/Content/EngineMaterials/DefaultNormal_Uncompressed.uasset" 628
"../../../Engine/Content/Functions/Engine_MaterialFunctions01/Texturing/WorldAlignedNormal.uasset" 629
"../../../Engine/Content/Functions/Engine_MaterialFunctions01/Texturing/WorldAlignedTexture.uasset" 630
"../../../../New version/BreakingIN/Content/TSS_Game/Materials/Textures/DefaultDiffuse_TC_Masks.uasset" 631
"../../../../New version/BreakingIN/Content/TSS_Game/Materials/Textures/T_Default_Material_Grid_N.uasset" 632
"../../../../New version/BreakingIN/Content/TSS_Game/Materials/M_Grid.uasset" 633
"../../../Engine/Content/BasicShapes/Plane.uasset" 634
"../../../../New version/BreakingIN/Content/TSS_Game/Blueprints/LevelDesign/BP_LevelComplete.uasset" 635
"../../../../New version/BreakingIN/Content/TSS_Game/Blueprints/LevelDesign/BP_MoveCameraUp.uasset" 636
"../../../../New version/BreakingIN/Content/TSS_Game/Materials/MI_Floor.uasset" 637
"../../../../New version/BreakingIN/Content/TSS_Game/Blueprints/LevelDesign/ObjectBlockingTheView/SM_Monolith_Material_BaseColor.uasset" 638
"../../../../New version/BreakingIN/Content/TSS_Game/Blueprints/LevelDesign/ObjectBlockingTheView/SM_Monolith_Material_Normal.uasset" 639
"../../../../New version/BreakingIN/Content/TSS_Game/Blueprints/LevelDesign/ObjectBlockingTheView/SM_Monolith_Material_OcclusionRoughnessMetallic.uasset" 640
"../../../../New version/BreakingIN/Content/TSS_Game/Blueprints/LevelDesign/ObjectBlockingTheView/M_Monolith.uasset" 641
"../../../../New version/BreakingIN/Content/TSS_Game/Blueprints/LevelDesign/ObjectBlockingTheView/SM_Monolith.uasset" 642
"../../../../New version/BreakingIN/Content/TSS_Game/Blueprints/LevelDesign/BP_ObjectBlockingTheView.uasset" 643
"../../../../New version/BreakingIN/Content/TSS_Game/Maps/Testing_BuiltData.uasset" 644
"../../../Engine/Content/Functions/Engine_MaterialFunctions02/Math/AddComponents.uasset" 645
"../../../../New version/BreakingIN/Content/TSS_Game/Materials/PostProcessBlackOutlineShader/PP_M_OutlineShader.uasset" 646
"../../../../New version/BreakingIN/Content/TSS_Game/Materials/PostProcessBlackOutlineShader/PP_M_OutlineShader_Inst.uasset" 647
"../../../../New version/BreakingIN/Content/TSS_Game/Maps/Testing.umap" 648
"../../../../New version/BreakingIN/Content/TSS_Game/Maps/Testing2_BuiltData.uasset" 649
"../../../../New version/BreakingIN/Content/TSS_Game/Maps/Testing2.umap" 650
"../../../../New version/BreakingIN/Content/TSS_Game/Maps/Testing3_BuiltData.uasset" 651
"../../../../New version/BreakingIN/Content/TSS_Game/Maps/Testing3.umap" 652
"../../../Engine/Content/Maps/Entry_BuiltData.uasset" 653
"../../../Engine/Content/Maps/Entry.umap" 654
